Error loading the 'sqlite3' Active Record adapter. Missing a gem it depends on? sqlite3 is not part of the bundle. Add it to your Gemfile. excluded from capture: DSN not set
Started GET "/" for 127.0.0.1 at 2020-05-22 23:27:02 +0200

ActiveRecord::NoDatabaseError - FATAL:  database "edible_forest_manager_development" does not exist
:

Started POST "/__better_errors/ef00d00392e863c5/variables" for 127.0.0.1 at 2020-05-22 23:27:02 +0200
  [1m[35m (1.1ms)[0m  [1m[35mDROP DATABASE IF EXISTS "edible_forest_manager_development"[0m
  [1m[35m (0.2ms)[0m  [1m[35mDROP DATABASE IF EXISTS "edible_forest_manager_test"[0m
  [1m[35m (582.6ms)[0m  [1m[35mCREATE DATABASE "edible_forest_manager_development" ENCODING = 'unicode'[0m
  [1m[35m (598.0ms)[0m  [1m[35mCREATE DATABASE "edible_forest_manager_test" ENCODING = 'unicode'[0m
  [1m[35m (42.9ms)[0m  [1m[35mCREATE TABLE "schema_migrations" ("version" character varying NOT NULL PRIMARY KEY)[0m
  [1m[35m (39.9ms)[0m  [1m[35mCREATE TABLE "ar_internal_metadata" ("key" character varying NOT NULL PRIMARY KEY, "value" character varying, "created_at" timestamp(6) NOT NULL, "updated_at" timestamp(6) NOT NULL)[0m
  [1m[35m (16.6ms)[0m  [1m[34mSELECT pg_try_advisory_lock(1412014202000817135)[0m
  [1m[35m (1.3ms)[0m  [1m[34mSELECT "schema_migrations"."version" FROM "schema_migrations" ORDER BY "schema_migrations"."version" ASC[0m
  [1m[36mActiveRecord::InternalMetadata Load (9.2ms)[0m  [1m[34mSELECT "ar_internal_metadata".* FROM "ar_internal_metadata" WHERE "ar_internal_metadata"."key" = $1 LIMIT $2[0m  [["key", "environment"], ["LIMIT", 1]]
  [1m[35m (1.2ms)[0m  [1m[35mBEGIN[0m
  [1m[36mActiveRecord::InternalMetadata Create (6.5ms)[0m  [1m[32mINSERT INTO "ar_internal_metadata" ("key", "value", "created_at", "updated_at") VALUES ($1, $2, $3, $4) RETURNING "key"[0m  [["key", "environment"], ["value", "development"], ["created_at", "2020-05-22 21:27:33.192447"], ["updated_at", "2020-05-22 21:27:33.192447"]]
  [1m[35m (13.7ms)[0m  [1m[35mCOMMIT[0m
  [1m[35m (1.7ms)[0m  [1m[34mSELECT pg_advisory_unlock(1412014202000817135)[0m
  [1m[35m (1.0ms)[0m  [1m[34mSELECT "schema_migrations"."version" FROM "schema_migrations" ORDER BY "schema_migrations"."version" ASC[0m
Started GET "/" for 127.0.0.1 at 2020-05-22 23:28:07 +0200
Processing by Rails::WelcomeController#index as HTML
  Rendering /Users/michael/.asdf/installs/ruby/2.6.5/lib/ruby/gems/2.6.0/gems/railties-6.0.3.1/lib/rails/templates/rails/welcome/index.html.erb
  Rendered /Users/michael/.asdf/installs/ruby/2.6.5/lib/ruby/gems/2.6.0/gems/railties-6.0.3.1/lib/rails/templates/rails/welcome/index.html.erb (Duration: 18.7ms | Allocations: 486)
Completed 200 OK in 43ms (Views: 31.4ms | ActiveRecord: 0.0ms | Allocations: 2541)


